Using pre-set license
Built from '2020.3/release' branch; Version is '2020.3.7f1 (dd97f2c94397) revision 14522354'; Using compiler version '192528614'; Build Type 'Release'
OS: 'Windows 10 Home Single Language; OS build 19041.985; Version 2004; 64bit' Language: 'en' Physical Memory: 3511 MB
BatchMode: 1, IsHumanControllingUs: 0, StartBugReporterOnCrash: 0, Is64bit: 1, IsPro: 0

 COMMAND LINE ARGUMENTS:
D:\Unity Projects\2020.3.7f1\Editor\Unity.exe
-adb2
-batchMode
-noUpm
-name
AssetImportWorker0
-projectPath
C:/Users/VYOM DUBEY/Downloads/ARKiosk
-logFile
Logs/AssetImportWorker0.log
-srvPort
55544
Successfully changed project path to: C:/Users/VYOM DUBEY/Downloads/ARKiosk
C:/Users/VYOM DUBEY/Downloads/ARKiosk
Using Asset Import Pipeline V2.
Refreshing native plugins compatible for Editor in 193.79 ms, found 3 plugins.
Preloading 0 native plugins for Editor in 0.00 ms.
Initialize engine version: 2020.3.7f1 (dd97f2c94397)
[Subsystems] Discovering subsystems at path D:/Unity Projects/2020.3.7f1/Editor/Data/Resources/UnitySubsystems
[Subsystems] Discovering subsystems at path C:/Users/VYOM DUBEY/Downloads/ARKiosk/Assets
GfxDevice: creating device client; threaded=0
Direct3D:
    Version:  Direct3D 11.0 [level 11.1]
    Renderer: AMD Radeon(TM) R4 Graphics (ID=0x9851)
    Vendor:   
    VRAM:     1755 MB
    Driver:   27.20.1034.6
Initialize mono
Mono path[0] = 'D:/Unity Projects/2020.3.7f1/Editor/Data/Managed'
Mono path[1] = 'D:/Unity Projects/2020.3.7f1/Editor/Data/MonoBleedingEdge/lib/mono/unityjit'
Mono config path = 'D:/Unity Projects/2020.3.7f1/Editor/Data/MonoBleedingEdge/etc'
Using monoOptions --debugger-agent=transport=dt_socket,embedding=1,server=y,suspend=n,address=127.0.0.1:56924
Begin MonoManager ReloadAssembly
Registering precompiled unity dll's ...
Register platform support module: D:/Unity Projects/2020.3.7f1/Editor/Data/PlaybackEngines/WindowsStandaloneSupport/UnityEditor.WindowsStandalone.Extensions.dll
Registered in 0.005179 seconds.
Native extension for WindowsStandalone target not found
Refreshing native plugins compatible for Editor in 126.06 ms, found 3 plugins.
Preloading 0 native plugins for Editor in 0.00 ms.
Mono: successfully reloaded assembly
- Completed reload, in  8.452 seconds
Platform modules already initialized, skipping
Registering precompiled user dll's ...
Registered in 0.047260 seconds.
Begin MonoManager ReloadAssembly
Native extension for WindowsStandalone target not found
Refreshing native plugins compatible for Editor in 3.14 ms, found 3 plugins.
Preloading 0 native plugins for Editor in 0.00 ms.
Mono: successfully reloaded assembly
- Completed reload, in  3.369 seconds
Platform modules already initialized, skipping
========================================================================
Worker process is ready to serve import requests
Launched and connected shader compiler UnityShaderCompiler.exe after 0.15 seconds
Refreshing native plugins compatible for Editor in 3.25 ms, found 3 plugins.
Preloading 0 native plugins for Editor in 0.00 ms.
Unloading 1578 Unused Serialized files (Serialized files now loaded: 0)
System memory in use before: 70.9 MB.
System memory in use after: 70.9 MB.

Unloading 102 unused Assets to reduce memory usage. Loaded Objects now: 1942.
Total: 6.627400 ms (FindLiveObjects: 0.918300 ms CreateObjectMapping: 0.189400 ms MarkObjects: 5.166200 ms  DeleteObjects: 0.350200 ms)

========================================================================
Received Import Request.
  path: Assets/Characters/Walking with James.fbx
  artifactKey: Guid(9ae15ad9e425b7943aae5dc3de40dff8) Importer(815301076,1909f56bfc062723c751e8b465ee728b)
Start importing Assets/Characters/Walking with James.fbx using Guid(9ae15ad9e425b7943aae5dc3de40dff8) Importer(815301076,1909f56bfc062723c751e8b465ee728b)  -> (artifact id: 'f1b075c09e684599ba00a4d6e4a61799') in 1.028391 seconds
  Import took 1.036792 seconds .

========================================================================
Received Import Request.
  Time since last request: 0.000849 seconds.
  path: Assets/Characters/Walking with Megan.fbx
  artifactKey: Guid(35dc4b6153b31fe479e7b8b9fb6f4ce9) Importer(815301076,1909f56bfc062723c751e8b465ee728b)
Start importing Assets/Characters/Walking with Megan.fbx using Guid(35dc4b6153b31fe479e7b8b9fb6f4ce9) Importer(815301076,1909f56bfc062723c751e8b465ee728b)  -> (artifact id: '1051d86adbf2a88c23e6f1e9d9d62f93') in 0.302736 seconds
  Import took 0.310760 seconds .

========================================================================
Received Import Request.
  Time since last request: 0.000458 seconds.
  path: Assets/Characters/Walking.fbx
  artifactKey: Guid(23be5c43d7f148b44a7ede2ff13dfe73) Importer(815301076,1909f56bfc062723c751e8b465ee728b)
Start importing Assets/Characters/Walking.fbx using Guid(23be5c43d7f148b44a7ede2ff13dfe73) Importer(815301076,1909f56bfc062723c751e8b465ee728b)  -> (artifact id: '773b23f5a811ce7bcb88f1d4202a21b6') in 0.153007 seconds
  Import took 0.161318 seconds .

========================================================================
Received Import Request.
  Time since last request: 0.000476 seconds.
  path: Assets/Characters/Walking with Louise 1.fbx
  artifactKey: Guid(6c39c5e1e3909144b9e1b897c73f9b27) Importer(815301076,1909f56bfc062723c751e8b465ee728b)
Start importing Assets/Characters/Walking with Louise 1.fbx using Guid(6c39c5e1e3909144b9e1b897c73f9b27) Importer(815301076,1909f56bfc062723c751e8b465ee728b)  -> (artifact id: 'd767defd9541f611d4026afe7fb5fdd2') in 0.299713 seconds
  Import took 0.309692 seconds .

========================================================================
Received Import Request.
  Time since last request: 92.976752 seconds.
  path: Assets/ARPlane.prefab
  artifactKey: Guid(a1525793dd491fb498f8103976163a81) Importer(815301076,1909f56bfc062723c751e8b465ee728b)
Start importing Assets/ARPlane.prefab using Guid(a1525793dd491fb498f8103976163a81) Importer(815301076,1909f56bfc062723c751e8b465ee728b)  -> (artifact id: '18860973286da48fca0d9f2350df0756') in 0.039425 seconds
  Import took 0.048838 seconds .

========================================================================
Received Import Request.
  Time since last request: 0.013515 seconds.
  path: Assets/ARPlane.prefab
  artifactKey: Guid(a1525793dd491fb498f8103976163a81) Importer(815301076,1909f56bfc062723c751e8b465ee728b)
Start importing Assets/ARPlane.prefab using Guid(a1525793dd491fb498f8103976163a81) Importer(815301076,1909f56bfc062723c751e8b465ee728b)  -> (artifact id: '18860973286da48fca0d9f2350df0756') in 0.013350 seconds
  Import took 0.021849 seconds .

========================================================================
Received Prepare
Refreshing native plugins compatible for Editor in 138.18 ms, found 3 plugins.
Preloading 0 native plugins for Editor in 0.00 ms.
Unloading 94 Unused Serialized files (Serialized files now loaded: 0)
System memory in use before: 58.6 MB.
System memory in use after: 58.7 MB.

Unloading 94 unused Assets to reduce memory usage. Loaded Objects now: 1986.
Total: 8.857700 ms (FindLiveObjects: 0.683300 ms CreateObjectMapping: 0.148000 ms MarkObjects: 7.756000 ms  DeleteObjects: 0.266200 ms)

========================================================================
Received Prepare
Refreshing native plugins compatible for Editor in 278.49 ms, found 3 plugins.
Preloading 0 native plugins for Editor in 0.00 ms.
Unloading 94 Unused Serialized files (Serialized files now loaded: 0)
System memory in use before: 58.6 MB.
System memory in use after: 58.7 MB.

Unloading 94 unused Assets to reduce memory usage. Loaded Objects now: 1986.
Total: 205.671300 ms (FindLiveObjects: 1.728100 ms CreateObjectMapping: 0.305500 ms MarkObjects: 203.262600 ms  DeleteObjects: 0.365900 ms)

========================================================================
Received Import Request.
  Time since last request: 1455.153446 seconds.
  path: Assets/Scenes/Vertical.unity
  artifactKey: Guid(5a453652724c23e429596a72fbf5c5bd) Importer(815301076,1909f56bfc062723c751e8b465ee728b)
Start importing Assets/Scenes/Vertical.unity using Guid(5a453652724c23e429596a72fbf5c5bd) Importer(815301076,1909f56bfc062723c751e8b465ee728b)  -> (artifact id: '2d44885c90df9a60d9e66a7de0784cfc') in 0.285906 seconds
  Import took 0.481683 seconds .

========================================================================
Received Prepare
Registering precompiled user dll's ...
Registered in 0.065040 seconds.
Begin MonoManager ReloadAssembly
Native extension for WindowsStandalone target not found
Refreshing native plugins compatible for Editor in 3.56 ms, found 3 plugins.
Preloading 0 native plugins for Editor in 0.00 ms.
Mono: successfully reloaded assembly
- Completed reload, in  6.238 seconds
Platform modules already initialized, skipping
Switching build target platform(5) subTarget(0) extendedPlatform(0) -> platform(13) subTarget(524288) extendedPlatform(0)
Refreshing native plugins compatible for Editor in 3.44 ms, found 3 plugins.
Preloading 0 native plugins for Editor in 0.00 ms.
Unloading 1634 Unused Serialized files (Serialized files now loaded: 0)
System memory in use before: 89.4 MB.
System memory in use after: 89.5 MB.

Unloading 168 unused Assets to reduce memory usage. Loaded Objects now: 1990.
Total: 12.327000 ms (FindLiveObjects: 0.641000 ms CreateObjectMapping: 0.144300 ms MarkObjects: 11.052200 ms  DeleteObjects: 0.483900 ms)

AssetImportParameters requested are different than current active one (requested -> active):
  custom:graphics/normal-map-encoding: 01000000000000000000000000000000 -> 02000000000000000000000000000000
========================================================================
Received Import Request.
  Time since last request: 1443.622415 seconds.
  path: Assets/Scenes/StudentScene.unity
  artifactKey: Guid(09596f6ebd81b7c49aaaf8c9a61f13e1) Importer(815301076,1909f56bfc062723c751e8b465ee728b)
Start importing Assets/Scenes/StudentScene.unity using Guid(09596f6ebd81b7c49aaaf8c9a61f13e1) Importer(815301076,1909f56bfc062723c751e8b465ee728b)  -> (artifact id: 'c8151c01c5d229701e3f008d53d3ec28') in 0.068711 seconds
  Import took 0.087611 seconds .

========================================================================
Received Import Request.
  Time since last request: 3825.574776 seconds.
  path: Assets/ARPlane.prefab
  artifactKey: Guid(a1525793dd491fb498f8103976163a81) Importer(815301076,1909f56bfc062723c751e8b465ee728b)
Start importing Assets/ARPlane.prefab using Guid(a1525793dd491fb498f8103976163a81) Importer(815301076,1909f56bfc062723c751e8b465ee728b)  -> (artifact id: '479c1d6663cd9d13471effef2cb4727f') in 0.097659 seconds
  Import took 0.108493 seconds .

========================================================================
Received Prepare
Refreshing native plugins compatible for Editor in 217.25 ms, found 3 plugins.
Preloading 0 native plugins for Editor in 0.00 ms.
Unloading 94 Unused Serialized files (Serialized files now loaded: 0)
System memory in use before: 58.5 MB.
System memory in use after: 58.6 MB.

Unloading 94 unused Assets to reduce memory usage. Loaded Objects now: 1990.
Total: 12.529200 ms (FindLiveObjects: 0.763100 ms CreateObjectMapping: 0.199900 ms MarkObjects: 10.540000 ms  DeleteObjects: 1.020000 ms)

========================================================================
Received Prepare
Refreshing native plugins compatible for Editor in 145.41 ms, found 3 plugins.
Preloading 0 native plugins for Editor in 0.00 ms.
Unloading 94 Unused Serialized files (Serialized files now loaded: 0)
System memory in use before: 58.5 MB.
System memory in use after: 58.6 MB.

Unloading 94 unused Assets to reduce memory usage. Loaded Objects now: 1990.
Total: 189.716800 ms (FindLiveObjects: 1.601200 ms CreateObjectMapping: 0.209000 ms MarkObjects: 187.508600 ms  DeleteObjects: 0.389200 ms)

========================================================================
Received Prepare
Registering precompiled user dll's ...
Registered in 0.061400 seconds.
Begin MonoManager ReloadAssembly
Native extension for WindowsStandalone target not found
Refreshing native plugins compatible for Editor in 3.69 ms, found 3 plugins.
Preloading 0 native plugins for Editor in 0.00 ms.
Mono: successfully reloaded assembly
- Completed reload, in  6.863 seconds
Platform modules already initialized, skipping
Switching build target platform(5) subTarget(0) extendedPlatform(0) -> platform(13) subTarget(524288) extendedPlatform(0)
Refreshing native plugins compatible for Editor in 6.05 ms, found 3 plugins.
Preloading 0 native plugins for Editor in 0.00 ms.
Unloading 1634 Unused Serialized files (Serialized files now loaded: 0)
System memory in use before: 89.5 MB.
System memory in use after: 89.6 MB.

Unloading 167 unused Assets to reduce memory usage. Loaded Objects now: 1995.
Total: 17.798300 ms (FindLiveObjects: 0.911700 ms CreateObjectMapping: 0.168300 ms MarkObjects: 16.216000 ms  DeleteObjects: 0.495300 ms)

AssetImportParameters requested are different than current active one (requested -> active):
  custom:graphics/normal-map-encoding: 01000000000000000000000000000000 -> 02000000000000000000000000000000
========================================================================
Received Prepare
Refreshing native plugins compatible for Editor in 117.64 ms, found 3 plugins.
Preloading 0 native plugins for Editor in 0.00 ms.
Unloading 93 Unused Serialized files (Serialized files now loaded: 0)
System memory in use before: 58.4 MB.
System memory in use after: 58.5 MB.

Unloading 93 unused Assets to reduce memory usage. Loaded Objects now: 1995.
Total: 10.716700 ms (FindLiveObjects: 1.493600 ms CreateObjectMapping: 0.303200 ms MarkObjects: 8.687000 ms  DeleteObjects: 0.227400 ms)

========================================================================
Received Prepare
Refreshing native plugins compatible for Editor in 196.15 ms, found 3 plugins.
Preloading 0 native plugins for Editor in 0.00 ms.
Unloading 93 Unused Serialized files (Serialized files now loaded: 0)
System memory in use before: 58.4 MB.
System memory in use after: 58.5 MB.

Unloading 94 unused Assets to reduce memory usage. Loaded Objects now: 1994.
Total: 116.571600 ms (FindLiveObjects: 1.477100 ms CreateObjectMapping: 0.226000 ms MarkObjects: 113.563000 ms  DeleteObjects: 1.295200 ms)

========================================================================
Received Import Request.
  Time since last request: 2469.282766 seconds.
  path: Assets/Plugins/Android
  artifactKey: Guid(13cc65d3e0d825f42967d021fa1f1385) Importer(815301076,1909f56bfc062723c751e8b465ee728b)
Start importing Assets/Plugins/Android using Guid(13cc65d3e0d825f42967d021fa1f1385) Importer(815301076,1909f56bfc062723c751e8b465ee728b)  -> (artifact id: 'a100d6686bc7e3066d7c9fa9691d5bc4') in 0.443949 seconds
  Import took 0.675696 seconds .

========================================================================
Received Import Request.
  Time since last request: 1.528736 seconds.
  path: Assets/Plugins/Android/FirebaseApp.androidlib
  artifactKey: Guid(19d1262bb8c319746920849b7535164f) Importer(815301076,1909f56bfc062723c751e8b465ee728b)
Start importing Assets/Plugins/Android/FirebaseApp.androidlib using Guid(19d1262bb8c319746920849b7535164f) Importer(815301076,1909f56bfc062723c751e8b465ee728b)  -> (artifact id: '1663d06e07d51781e58d545987bfddc4') in 0.040274 seconds
  Import took 0.051725 seconds .

========================================================================
Received Import Request.
  Time since last request: 0.007945 seconds.
  path: Assets/Plugins/Android/FirebaseApp.androidlib
  artifactKey: Guid(19d1262bb8c319746920849b7535164f) Importer(815301076,1909f56bfc062723c751e8b465ee728b)
Start importing Assets/Plugins/Android/FirebaseApp.androidlib using Guid(19d1262bb8c319746920849b7535164f) Importer(815301076,1909f56bfc062723c751e8b465ee728b)  -> (artifact id: '1663d06e07d51781e58d545987bfddc4') in 0.011710 seconds
  Import took 0.019690 seconds .

========================================================================
Received Import Request.
  Time since last request: 4.430928 seconds.
  path: Assets/XR
  artifactKey: Guid(e799c7276004a6b4a967ccf3973f4033) Importer(815301076,1909f56bfc062723c751e8b465ee728b)
Start importing Assets/XR using Guid(e799c7276004a6b4a967ccf3973f4033) Importer(815301076,1909f56bfc062723c751e8b465ee728b)  -> (artifact id: '36faa8e12ef3f2ddbd2dac6508e48c19') in 0.038939 seconds
  Import took 0.056948 seconds .

========================================================================
Received Import Request.
  Time since last request: 0.113871 seconds.
  path: Assets/XR/XRGeneralSettings.asset
  artifactKey: Guid(a3d345546555de54381289064141d1e0) Importer(815301076,1909f56bfc062723c751e8b465ee728b)
Start importing Assets/XR/XRGeneralSettings.asset using Guid(a3d345546555de54381289064141d1e0) Importer(815301076,1909f56bfc062723c751e8b465ee728b)  -> (artifact id: 'ef85d24555433bf7780b60379da9397f') in 0.958057 seconds
  Import took 0.967063 seconds .

========================================================================
Received Import Request.
  Time since last request: 0.908415 seconds.
  path: Assets/XR/Loaders
  artifactKey: Guid(13baf7e28792af245bd0ce0c60076c7a) Importer(815301076,1909f56bfc062723c751e8b465ee728b)
Start importing Assets/XR/Loaders using Guid(13baf7e28792af245bd0ce0c60076c7a) Importer(815301076,1909f56bfc062723c751e8b465ee728b)  -> (artifact id: 'bc2bb08c8227a65da2bfebd65316f21c') in 0.042432 seconds
  Import took 0.052559 seconds .

========================================================================
Received Import Request.
  Time since last request: 0.046861 seconds.
  path: Assets/XR/Loaders/AR Core Loader.asset
  artifactKey: Guid(37e2041cb604f314ab208c1477d7e985) Importer(815301076,1909f56bfc062723c751e8b465ee728b)
Start importing Assets/XR/Loaders/AR Core Loader.asset using Guid(37e2041cb604f314ab208c1477d7e985) Importer(815301076,1909f56bfc062723c751e8b465ee728b)  -> (artifact id: '1720b41c52fd965ead57c94dc62b526b') in 0.072558 seconds
  Import took 0.080477 seconds .

========================================================================
Received Import Request.
  Time since last request: 4.526207 seconds.
  path: Assets/XR/Settings
  artifactKey: Guid(f3d1b3e04197ccf42988e9dfdfbb5375) Importer(815301076,1909f56bfc062723c751e8b465ee728b)
Start importing Assets/XR/Settings using Guid(f3d1b3e04197ccf42988e9dfdfbb5375) Importer(815301076,1909f56bfc062723c751e8b465ee728b)  -> (artifact id: '353b415737185a17af3f533f88ec0b93') in 0.041445 seconds
  Import took 0.064277 seconds .

========================================================================
Received Import Request.
  Time since last request: 0.619730 seconds.
  path: Assets/XR/Settings/AR Core Settings.asset
  artifactKey: Guid(ab48416634d78eb4f97f2a0deda7d6e6) Importer(815301076,1909f56bfc062723c751e8b465ee728b)
Start importing Assets/XR/Settings/AR Core Settings.asset using Guid(ab48416634d78eb4f97f2a0deda7d6e6) Importer(815301076,1909f56bfc062723c751e8b465ee728b)  -> (artifact id: 'f2014f7e1c543cc57c07a624d876f67f') in 0.054395 seconds
  Import took 0.062496 seconds .

========================================================================
Received Prepare
Refreshing native plugins compatible for Editor in 171.87 ms, found 3 plugins.
Preloading 0 native plugins for Editor in 0.00 ms.
Unloading 94 Unused Serialized files (Serialized files now loaded: 0)
System memory in use before: 58.5 MB.
System memory in use after: 58.6 MB.

Unloading 93 unused Assets to reduce memory usage. Loaded Objects now: 1995.
Total: 113.499300 ms (FindLiveObjects: 0.754100 ms CreateObjectMapping: 10.936900 ms MarkObjects: 101.461800 ms  DeleteObjects: 0.341200 ms)

========================================================================
Received Import Request.
  Time since last request: 3614.167742 seconds.
  path: Assets/Characters
  artifactKey: Guid(fb5a54e0295727b43a8db92dd9b157c4) Importer(815301076,1909f56bfc062723c751e8b465ee728b)
Start importing Assets/Characters using Guid(fb5a54e0295727b43a8db92dd9b157c4) Importer(815301076,1909f56bfc062723c751e8b465ee728b)  -> (artifact id: '310cfaa526e6191ba907861515f03122') in 0.075268 seconds
  Import took 0.342587 seconds .

========================================================================
Received Import Request.
  Time since last request: 37.702967 seconds.
  path: Assets/ARTapToPlaceObject.cs
  artifactKey: Guid(b46a06af66593f945b27a375691ceade) Importer(815301076,1909f56bfc062723c751e8b465ee728b)
Start importing Assets/ARTapToPlaceObject.cs using Guid(b46a06af66593f945b27a375691ceade) Importer(815301076,1909f56bfc062723c751e8b465ee728b)  -> (artifact id: 'c3e82129f008bf3d72ed4f3ee9371596') in 0.438393 seconds
  Import took 0.460484 seconds .

========================================================================
Received Prepare
Registering precompiled user dll's ...
Registered in 0.103018 seconds.
Begin MonoManager ReloadAssembly
Native extension for WindowsStandalone target not found
Refreshing native plugins compatible for Editor in 3.91 ms, found 3 plugins.
Preloading 0 native plugins for Editor in 0.00 ms.
Mono: successfully reloaded assembly
- Completed reload, in  6.178 seconds
Platform modules already initialized, skipping
Switching build target platform(5) subTarget(0) extendedPlatform(0) -> platform(13) subTarget(524288) extendedPlatform(0)
Refreshing native plugins compatible for Editor in 4.45 ms, found 3 plugins.
Preloading 0 native plugins for Editor in 0.00 ms.
Unloading 1634 Unused Serialized files (Serialized files now loaded: 0)
System memory in use before: 89.4 MB.
System memory in use after: 89.5 MB.

Unloading 167 unused Assets to reduce memory usage. Loaded Objects now: 2000.
Total: 18.745100 ms (FindLiveObjects: 2.551700 ms CreateObjectMapping: 0.369700 ms MarkObjects: 15.333500 ms  DeleteObjects: 0.484000 ms)

AssetImportParameters requested are different than current active one (requested -> active):
  custom:graphics/normal-map-encoding: 01000000000000000000000000000000 -> 02000000000000000000000000000000
========================================================================
Received Prepare
Registering precompiled user dll's ...
Registered in 0.050509 seconds.
Begin MonoManager ReloadAssembly
Native extension for WindowsStandalone target not found
Refreshing native plugins compatible for Editor in 3.63 ms, found 3 plugins.
Preloading 0 native plugins for Editor in 0.00 ms.
Mono: successfully reloaded assembly
- Completed reload, in  4.933 seconds
Platform modules already initialized, skipping
Switching build target platform(5) subTarget(0) extendedPlatform(0) -> platform(13) subTarget(524288) extendedPlatform(0)
Refreshing native plugins compatible for Editor in 3.69 ms, found 3 plugins.
Preloading 0 native plugins for Editor in 0.00 ms.
Unloading 1634 Unused Serialized files (Serialized files now loaded: 0)
System memory in use before: 89.5 MB.
System memory in use after: 89.5 MB.

Unloading 167 unused Assets to reduce memory usage. Loaded Objects now: 2004.
Total: 7.342500 ms (FindLiveObjects: 0.609700 ms CreateObjectMapping: 0.127400 ms MarkObjects: 6.306500 ms  DeleteObjects: 0.294400 ms)

AssetImportParameters requested are different than current active one (requested -> active):
  custom:graphics/normal-map-encoding: 01000000000000000000000000000000 -> 02000000000000000000000000000000
========================================================================
Received Import Request.
  Time since last request: 714.672343 seconds.
  path: Assets/ARTapToPlaceObject.cs
  artifactKey: Guid(b46a06af66593f945b27a375691ceade) Importer(815301076,1909f56bfc062723c751e8b465ee728b)
Start importing Assets/ARTapToPlaceObject.cs using Guid(b46a06af66593f945b27a375691ceade) Importer(815301076,1909f56bfc062723c751e8b465ee728b)  -> (artifact id: '5d4755e843c2b81aea9ceaefa5debdd7') in 0.024348 seconds
  Import took 0.036722 seconds .

========================================================================
Received Prepare
Registering precompiled user dll's ...
Registered in 0.041722 seconds.
Begin MonoManager ReloadAssembly
Native extension for WindowsStandalone target not found
Refreshing native plugins compatible for Editor in 4.33 ms, found 3 plugins.
Preloading 0 native plugins for Editor in 0.00 ms.
Mono: successfully reloaded assembly
- Completed reload, in  4.835 seconds
Platform modules already initialized, skipping
Switching build target platform(5) subTarget(0) extendedPlatform(0) -> platform(13) subTarget(524288) extendedPlatform(0)
Refreshing native plugins compatible for Editor in 3.33 ms, found 3 plugins.
Preloading 0 native plugins for Editor in 0.00 ms.
Unloading 1634 Unused Serialized files (Serialized files now loaded: 0)
System memory in use before: 89.5 MB.
System memory in use after: 89.6 MB.

Unloading 167 unused Assets to reduce memory usage. Loaded Objects now: 2008.
Total: 9.287800 ms (FindLiveObjects: 0.965500 ms CreateObjectMapping: 0.241800 ms MarkObjects: 7.727900 ms  DeleteObjects: 0.347100 ms)

AssetImportParameters requested are different than current active one (requested -> active):
  custom:graphics/normal-map-encoding: 01000000000000000000000000000000 -> 02000000000000000000000000000000
========================================================================
Received Prepare
Refreshing native plugins compatible for Editor in 234.02 ms, found 3 plugins.
Preloading 0 native plugins for Editor in 0.00 ms.
Unloading 93 Unused Serialized files (Serialized files now loaded: 0)
System memory in use before: 58.5 MB.
System memory in use after: 58.5 MB.

Unloading 93 unused Assets to reduce memory usage. Loaded Objects now: 2008.
Total: 14.412800 ms (FindLiveObjects: 0.725100 ms CreateObjectMapping: 0.213800 ms MarkObjects: 13.226000 ms  DeleteObjects: 0.241600 ms)

========================================================================
Received Import Request.
  Time since last request: 1264.724853 seconds.
  path: Assets/ARPlane.prefab
  artifactKey: Guid(a1525793dd491fb498f8103976163a81) Importer(815301076,1909f56bfc062723c751e8b465ee728b)
Start importing Assets/ARPlane.prefab using Guid(a1525793dd491fb498f8103976163a81) Importer(815301076,1909f56bfc062723c751e8b465ee728b)  -> (artifact id: '7bc60ce31e7b7556ad7de5ea4169c061') in 1.587360 seconds
  Import took 1.793999 seconds .

========================================================================
Received Prepare
Registering precompiled user dll's ...
Registered in 0.053976 seconds.
Begin MonoManager ReloadAssembly
Native extension for WindowsStandalone target not found
Refreshing native plugins compatible for Editor in 4.23 ms, found 3 plugins.
Preloading 0 native plugins for Editor in 0.00 ms.
Mono: successfully reloaded assembly
- Completed reload, in  7.013 seconds
Platform modules already initialized, skipping
Switching build target platform(5) subTarget(0) extendedPlatform(0) -> platform(13) subTarget(524288) extendedPlatform(0)
Refreshing native plugins compatible for Editor in 3.45 ms, found 3 plugins.
Preloading 0 native plugins for Editor in 0.00 ms.
Unloading 1634 Unused Serialized files (Serialized files now loaded: 0)
System memory in use before: 89.5 MB.
System memory in use after: 89.5 MB.

Unloading 168 unused Assets to reduce memory usage. Loaded Objects now: 2011.
Total: 11.843500 ms (FindLiveObjects: 1.141700 ms CreateObjectMapping: 0.208500 ms MarkObjects: 10.026700 ms  DeleteObjects: 0.460700 ms)

AssetImportParameters requested are different than current active one (requested -> active):
  custom:graphics/normal-map-encoding: 01000000000000000000000000000000 -> 02000000000000000000000000000000
========================================================================
Received Prepare
Refreshing native plugins compatible for Editor in 275.70 ms, found 3 plugins.
Preloading 0 native plugins for Editor in 0.00 ms.
Unloading 94 Unused Serialized files (Serialized files now loaded: 0)
System memory in use before: 58.6 MB.
System memory in use after: 58.6 MB.

Unloading 93 unused Assets to reduce memory usage. Loaded Objects now: 2012.
Total: 8.086800 ms (FindLiveObjects: 0.831100 ms CreateObjectMapping: 0.236900 ms MarkObjects: 6.758400 ms  DeleteObjects: 0.250600 ms)

========================================================================
Received Prepare
Registering precompiled user dll's ...
Registered in 0.131426 seconds.
Begin MonoManager ReloadAssembly
Native extension for WindowsStandalone target not found
Refreshing native plugins compatible for Editor in 3.56 ms, found 3 plugins.
Preloading 0 native plugins for Editor in 0.00 ms.
Mono: successfully reloaded assembly
- Completed reload, in  7.301 seconds
Platform modules already initialized, skipping
Switching build target platform(5) subTarget(0) extendedPlatform(0) -> platform(13) subTarget(524288) extendedPlatform(0)
Refreshing native plugins compatible for Editor in 3.72 ms, found 3 plugins.
Preloading 0 native plugins for Editor in 0.00 ms.
Unloading 1634 Unused Serialized files (Serialized files now loaded: 0)
System memory in use before: 89.5 MB.
System memory in use after: 89.6 MB.

Unloading 167 unused Assets to reduce memory usage. Loaded Objects now: 2016.
Total: 11.517600 ms (FindLiveObjects: 0.760700 ms CreateObjectMapping: 0.168400 ms MarkObjects: 10.093400 ms  DeleteObjects: 0.484600 ms)

AssetImportParameters requested are different than current active one (requested -> active):
  custom:graphics/normal-map-encoding: 01000000000000000000000000000000 -> 02000000000000000000000000000000
========================================================================
Received Import Request.
  Time since last request: 4082.430335 seconds.
  path: Assets/ARPlane.prefab
  artifactKey: Guid(a1525793dd491fb498f8103976163a81) Importer(815301076,1909f56bfc062723c751e8b465ee728b)
Start importing Assets/ARPlane.prefab using Guid(a1525793dd491fb498f8103976163a81) Importer(815301076,1909f56bfc062723c751e8b465ee728b)  -> (artifact id: '7cdba005f38b5a916901c6697bfd6f9c') in 0.126975 seconds
  Import took 0.156492 seconds .

========================================================================
Received Prepare
Registering precompiled user dll's ...
Registered in 0.058387 seconds.
Begin MonoManager ReloadAssembly
Native extension for WindowsStandalone target not found
Refreshing native plugins compatible for Editor in 3.46 ms, found 3 plugins.
Preloading 0 native plugins for Editor in 0.00 ms.
Mono: successfully reloaded assembly
- Completed reload, in  6.507 seconds
Platform modules already initialized, skipping
Switching build target platform(5) subTarget(0) extendedPlatform(0) -> platform(13) subTarget(524288) extendedPlatform(0)
Refreshing native plugins compatible for Editor in 3.45 ms, found 3 plugins.
Preloading 0 native plugins for Editor in 0.00 ms.
Unloading 1634 Unused Serialized files (Serialized files now loaded: 0)
System memory in use before: 89.5 MB.
System memory in use after: 89.6 MB.

Unloading 167 unused Assets to reduce memory usage. Loaded Objects now: 2020.
Total: 8.521400 ms (FindLiveObjects: 0.712400 ms CreateObjectMapping: 0.191800 ms MarkObjects: 7.287900 ms  DeleteObjects: 0.324500 ms)

AssetImportParameters requested are different than current active one (requested -> active):
  custom:graphics/normal-map-encoding: 01000000000000000000000000000000 -> 02000000000000000000000000000000
========================================================================
Received Prepare
Refreshing native plugins compatible for Editor in 229.26 ms, found 3 plugins.
Preloading 0 native plugins for Editor in 0.00 ms.
Unloading 93 Unused Serialized files (Serialized files now loaded: 0)
System memory in use before: 58.5 MB.
System memory in use after: 58.6 MB.

Unloading 93 unused Assets to reduce memory usage. Loaded Objects now: 2020.
Total: 8.445600 ms (FindLiveObjects: 0.666000 ms CreateObjectMapping: 0.325400 ms MarkObjects: 7.215700 ms  DeleteObjects: 0.234300 ms)

========================================================================
Received Import Request.
  Time since last request: 433.576714 seconds.
  path: Assets/ARPlane.prefab
  artifactKey: Guid(a1525793dd491fb498f8103976163a81) Importer(815301076,1909f56bfc062723c751e8b465ee728b)
Start importing Assets/ARPlane.prefab using Guid(a1525793dd491fb498f8103976163a81) Importer(815301076,1909f56bfc062723c751e8b465ee728b)  -> (artifact id: '69128b667d09dc159ffcfe3b6c7603ed') in 1.223780 seconds
  Import took 1.515781 seconds .

========================================================================
Received Import Request.
  Time since last request: 4.238230 seconds.
  path: Assets/ARPlane.prefab
  artifactKey: Guid(a1525793dd491fb498f8103976163a81) Importer(815301076,1909f56bfc062723c751e8b465ee728b)
Start importing Assets/ARPlane.prefab using Guid(a1525793dd491fb498f8103976163a81) Importer(815301076,1909f56bfc062723c751e8b465ee728b)  -> (artifact id: '6cb59c4b73c7f44eba59a86213ff04e8') in 0.030218 seconds
  Import took 0.046662 seconds .

========================================================================
Received Prepare
Refreshing native plugins compatible for Editor in 160.51 ms, found 3 plugins.
Preloading 0 native plugins for Editor in 0.00 ms.
Unloading 93 Unused Serialized files (Serialized files now loaded: 0)
System memory in use before: 58.5 MB.
System memory in use after: 58.6 MB.

Unloading 93 unused Assets to reduce memory usage. Loaded Objects now: 2020.
Total: 83.921300 ms (FindLiveObjects: 0.665600 ms CreateObjectMapping: 0.152000 ms MarkObjects: 81.144100 ms  DeleteObjects: 1.955500 ms)

========================================================================
Received Prepare
Registering precompiled user dll's ...
Registered in 0.061907 seconds.
Begin MonoManager ReloadAssembly
Native extension for WindowsStandalone target not found
Refreshing native plugins compatible for Editor in 3.17 ms, found 3 plugins.
Preloading 0 native plugins for Editor in 0.00 ms.
Mono: successfully reloaded assembly
- Completed reload, in  8.738 seconds
Platform modules already initialized, skipping
Switching build target platform(5) subTarget(0) extendedPlatform(0) -> platform(13) subTarget(524288) extendedPlatform(0)
Refreshing native plugins compatible for Editor in 4.77 ms, found 3 plugins.
Preloading 0 native plugins for Editor in 0.00 ms.
Unloading 1634 Unused Serialized files (Serialized files now loaded: 0)
System memory in use before: 89.5 MB.
System memory in use after: 89.6 MB.

Unloading 167 unused Assets to reduce memory usage. Loaded Objects now: 2024.
Total: 15.521800 ms (FindLiveObjects: 1.500100 ms CreateObjectMapping: 0.394100 ms MarkObjects: 13.020500 ms  DeleteObjects: 0.600900 ms)

AssetImportParameters requested are different than current active one (requested -> active):
  custom:graphics/normal-map-encoding: 01000000000000000000000000000000 -> 02000000000000000000000000000000
========================================================================
Received Import Request.
  Time since last request: 318.645795 seconds.
  path: Assets/Scenes/StudentScene.unity
  artifactKey: Guid(09596f6ebd81b7c49aaaf8c9a61f13e1) Importer(815301076,1909f56bfc062723c751e8b465ee728b)
Start importing Assets/Scenes/StudentScene.unity using Guid(09596f6ebd81b7c49aaaf8c9a61f13e1) Importer(815301076,1909f56bfc062723c751e8b465ee728b)  -> (artifact id: '8d0e4aa63ed97dabb0d19a4eaff4d83e') in 0.087523 seconds
  Import took 0.103314 seconds .

========================================================================
Received Import Request.
  Time since last request: 551.207985 seconds.
  path: Assets/Student.prefab
  artifactKey: Guid(7f24f451b3b29fa4d8185404726c9a2c) Importer(815301076,1909f56bfc062723c751e8b465ee728b)
Start importing Assets/Student.prefab using Guid(7f24f451b3b29fa4d8185404726c9a2c) Importer(815301076,1909f56bfc062723c751e8b465ee728b)  -> (artifact id: 'b03eb0ef802b359a3f95a0caff03d9cb') in 0.211881 seconds
  Import took 0.229588 seconds .

========================================================================
Received Import Request.
  Time since last request: 0.714055 seconds.
  path: Assets/Student.prefab
  artifactKey: Guid(7f24f451b3b29fa4d8185404726c9a2c) Importer(815301076,1909f56bfc062723c751e8b465ee728b)
Start importing Assets/Student.prefab using Guid(7f24f451b3b29fa4d8185404726c9a2c) Importer(815301076,1909f56bfc062723c751e8b465ee728b)  -> (artifact id: '42d0cfc397c128b034d3ef8507c17c1b') in 0.023173 seconds
  Import took 0.033294 seconds .

========================================================================
Received Import Request.
  Time since last request: 7.205153 seconds.
  path: Assets/Student.prefab
  artifactKey: Guid(7f24f451b3b29fa4d8185404726c9a2c) Importer(815301076,1909f56bfc062723c751e8b465ee728b)
Start importing Assets/Student.prefab using Guid(7f24f451b3b29fa4d8185404726c9a2c) Importer(815301076,1909f56bfc062723c751e8b465ee728b)  -> (artifact id: 'c16c3522c6d1f9729e54771f622a47bf') in 0.039006 seconds
  Import took 0.048893 seconds .

========================================================================
Received Prepare
Registering precompiled user dll's ...
Registered in 0.047110 seconds.
Begin MonoManager ReloadAssembly
Native extension for WindowsStandalone target not found
Refreshing native plugins compatible for Editor in 3.31 ms, found 3 plugins.
Preloading 0 native plugins for Editor in 0.00 ms.
Mono: successfully reloaded assembly
- Completed reload, in  3.921 seconds
Platform modules already initialized, skipping
Switching build target platform(5) subTarget(0) extendedPlatform(0) -> platform(13) subTarget(524288) extendedPlatform(0)
Refreshing native plugins compatible for Editor in 4.27 ms, found 3 plugins.
Preloading 0 native plugins for Editor in 0.00 ms.
Unloading 1634 Unused Serialized files (Serialized files now loaded: 0)
System memory in use before: 89.6 MB.
System memory in use after: 89.7 MB.

Unloading 169 unused Assets to reduce memory usage. Loaded Objects now: 2029.
Total: 8.284400 ms (FindLiveObjects: 0.682800 ms CreateObjectMapping: 0.167000 ms MarkObjects: 7.040700 ms  DeleteObjects: 0.388900 ms)

AssetImportParameters requested are different than current active one (requested -> active):
  custom:graphics/normal-map-encoding: 01000000000000000000000000000000 -> 02000000000000000000000000000000
========================================================================
Received Prepare
Refreshing native plugins compatible for Editor in 70.17 ms, found 3 plugins.
Preloading 0 native plugins for Editor in 0.00 ms.
Unloading 94 Unused Serialized files (Serialized files now loaded: 0)
System memory in use before: 58.7 MB.
System memory in use after: 58.8 MB.

Unloading 93 unused Assets to reduce memory usage. Loaded Objects now: 2030.
Total: 7.568000 ms (FindLiveObjects: 0.610800 ms CreateObjectMapping: 0.132400 ms MarkObjects: 6.609000 ms  DeleteObjects: 0.211900 ms)

AssetImportWorkerClient::OnTransportError - code=2 error=End of file
